time="2024-12-13T06:13:23Z" level=info msg="Request received" func="main.main.func1()" file="main.go:42" method=GET path=/api
time="2024-12-13T06:13:54Z" level=info msg="Request received" func="main.main.func1()" file="main.go:42" method=GET path=/api
[36mINFO[0m[2024-12-13 06:16:42]main.go:42 main.main.func1() Request received                              [36mmethod[0m=GET [36mpath[0m=/api
[36mINFO[0m[2024-12-13 06:17:13]main.go:42 main.main.func1() Request received                              [36mmethod[0m=POST [36mpath[0m=/api/register
[36mINFO[0m[2024-12-13 06:39:16]main.go:42 main.main.func1() Request received                              [36mmethod[0m=GET [36mpath[0m=/api
[36mINFO[0m[2024-12-13 06:39:54]/workspaces/fiber-boilerplate/main.go:42 main.main.func1() Request received                              [36mmethod[0m=GET [36mpath[0m=/api
[36mINFO[0m[2024-12-13 06:41:55] Request received                              [36mmethod[0m=GET [36mpath[0m=/api
[36mINFO[0m[2024-12-13 06:48:18]/workspaces/fiber-boilerplate/app/middleware/logger.go:22 main.main.LogMiddleware.func2() Request received                              [36mbody[0m= [36mmethod[0m=GET [36mpath[0m=/api
[36mINFO[0m[2024-12-13 06:48:18]/workspaces/fiber-boilerplate/main.go:42 main.main.func1() Request received                              [36mmethod[0m=GET [36mpath[0m=/api
[36mINFO[0m[2024-12-13 06:48:55]/workspaces/fiber-boilerplate/app/middleware/logger.go:22 main.main.LogMiddleware.func1() Request received                              [36mbody[0m= [36mmethod[0m=GET [36mpath[0m=/api
[36mINFO[0m[2024-12-13 06:49:03]/workspaces/fiber-boilerplate/app/middleware/logger.go:29 main.main.LogMiddleware.func1() Request received                              [36mbody[0m="{\n  \"email\": \"john@example.com\",\n  \"password\": \"password123\",\n  \"username\": \"john_doe\"\n}" [36mmethod[0m=POST [36mpath[0m=/api/register
[36mINFO[0m[2024-12-13 06:51:12]/workspaces/fiber-boilerplate/app/middleware/logger.go:22 main.main.LogMiddleware.func1() Request received                              [36mbody[0m= [36mmethod[0m=GET [36mpath[0m=/api
[36mINFO[0m[2024-12-13 06:51:24]/workspaces/fiber-boilerplate/app/middleware/logger.go:29 main.main.LogMiddleware.func1() Request received                              [36mbody[0m="{\n  \"email\": \"john@example.com\",\n  \"password\": \"password123\",\n  \"username\": \"john_doe\"\n}" [36mmethod[0m=POST [36mpath[0m=/api/register
[36mINFO[0m[2024-12-13 06:52:48]/workspaces/fiber-boilerplate/app/middleware/logger.go:22 main.main.LogMiddleware.func1() Request received                              [36mbody[0m= [36mmethod[0m=GET [36mpath[0m=/api
[36mINFO[0m[2024-12-13 06:52:54]/workspaces/fiber-boilerplate/app/middleware/logger.go:28 main.main.LogMiddleware.func1() Request received                              [36mbody[0m="map[email:john@example.com password:password123 username:john_doe]" [36mmethod[0m=POST [36mpath[0m=/api/register
[36mINFO[0m[2024-12-13 06:56:48]/workspaces/fiber-boilerplate/app/middleware/logger.go:39 main.main.LogMiddleware.func1() Request received                              [36mbody[0m="\x1b[34musername\x1b[0m: john_doe\n\x1b[34memail\x1b[0m: john@example.com\n\x1b[34mpassword\x1b[0m: password123\n" [36mmethod[0m=POST [36mpath[0m=/api/register
[36mINFO[0m[2024-12-13 07:00:19]/workspaces/fiber-boilerplate/app/middleware/logger.go:34 main.main.LogMiddleware.func1() Request received                              [36mbody[0m="\x1b[36musername\x1b[0m: john_doe\n\x1b[36memail\x1b[0m: john@example.com\n\x1b[36mpassword\x1b[0m: password123\n" [36mmethod[0m=POST [36mpath[0m=/api/register
[36mINFO[0m[2024-12-13 07:19:48]/workspaces/fiber-boilerplate/app/middleware/logger.go:26 main.main.LogMiddleware.func1() Request received                              [36mbody[0m= [36mmethod[0m=GET [36mpath[0m=/api [36mtimestamp[0m="2024-12-13 07:19:48"
[36mINFO[0m[2024-12-13 07:21:53]/workspaces/fiber-boilerplate/app/middleware/logger.go:26 main.main.LogMiddleware.func1() Request received                              [36mbody[0m="{\r\n  \"username\": \"john_doe\",\r\n  \"email\": \"john@example.com\",\r\n  \"password\": \"password123\",\r\n  \"extra\": {\r\n    \"department\": \"ASIK\",\r\n    \"Designation\": \"SSE\"\r\n  }\r\n}" [36mmethod[0m=POST [36mpath[0m=/api/register [36mtimestamp[0m="2024-12-13 07:21:53"
[36mINFO[0m[2024-12-13 07:24:43]/workspaces/fiber-boilerplate/app/middleware/logger.go:25 main.main.LogMiddleware.func1() Request received                              [36mmethod[0m=POST [36mpath[0m=/api/register [36mtimestamp[0m="2024-12-13 07:24:43"
[36mINFO[0m[2024-12-13 07:31:25]/workspaces/fiber-boilerplate/app/middleware/logger.go:25 main.main.LogMiddleware.func1() Request received                              [36mmethod[0m=POST [36mpath[0m=/api/register [36mtimestamp[0m="2024-12-13 07:31:25"
[36mINFO[0m[2024-12-13 07:31:59]/workspaces/fiber-boilerplate/app/middleware/logger.go:25 main.main.LogMiddleware.func1() Request received                              [36mmethod[0m=GET [36mpath[0m=/api [36mtimestamp[0m="2024-12-13 07:31:59"
[36mINFO[0m[2024-12-13 07:33:01]/workspaces/fiber-boilerplate/app/middleware/logger.go:25 main.main.LogMiddleware.func1() Request received                              [36mmethod[0m=GET [36mpath[0m=/api [36mtimestamp[0m="2024-12-13 07:33:01"
[36mINFO[0m[2024-12-13 07:33:09]/workspaces/fiber-boilerplate/app/middleware/logger.go:25 main.main.LogMiddleware.func1() Request received                              [36mmethod[0m=POST [36mpath[0m=/api/register [36mtimestamp[0m="2024-12-13 07:33:09"
[36mINFO[0m[2024-12-13 07:33:37]/workspaces/fiber-boilerplate/app/middleware/logger.go:25 main.main.LogMiddleware.func1() Request received                              [36mbody[0m="{\r\n  \"username\": \"john_doe\",\r\n  \"email\": \"john@example.com\",\r\n  \"password\": \"password123\",\r\n  \"extra\": {\r\n    \"department\": \"ASIK\",\r\n    \"Designation\": \"SSE\"\r\n  }\r\n}" [36mmethod[0m=POST [36mpath[0m=/api/register [36mtimestamp[0m="2024-12-13 07:33:37"
[36mINFO[0m[2024-12-13 07:39:57]/workspaces/fiber-boilerplate/app/middleware/logger.go:25 main.main.LogMiddleware.func1() Request received                              [36mbody[0m="[123 13 10 32 32 34 117 115 101 114 110 97 109 101 34 58 32 34 106 111 104 110 95 100 111 101 34 44 13 10 32 32 34 101 109 97 105 108 34 58 32 34 106 111 104 110 64 101 120 97 109 112 108 101 46 99 111 109 34 44 13 10 32 32 34 112 97 115 115 119 111 114 100 34 58 32 34 112 97 115 115 119 111 114 100 49 50 51 34 44 13 10 32 32 34 101 120 116 114 97 34 58 32 123 13 10 32 32 32 32 34 100 101 112 97 114 116 109 101 110 116 34 58 32 34 65 83 73 75 34 44 13 10 32 32 32 32 34 68 101 115 105 103 110 97 116 105 111 110 34 58 32 34 83 83 69 34 13 10 32 32 125 13 10 125]" [36mmethod[0m=POST [36mpath[0m=/api/register [36mtimestamp[0m="2024-12-13 07:39:57"
[36mINFO[0m[2024-12-13 07:41:14]/workspaces/fiber-boilerplate/app/middleware/logger.go:26 main.main.LogMiddleware.func1() Request received                              [36mbody[0m="[123 13 10 32 32 34 117 115 101 114 110 97 109 101 34 58 32 34 106 111 104 110 95 100 111 101 34 44 13 10 32 32 34 101 109 97 105 108 34 58 32 34 106 111 104 110 64 101 120 97 109 112 108 101 46 99 111 109 34 44 13 10 32 32 34 112 97 115 115 119 111 114 100 34 58 32 34 112 97 115 115 119 111 114 100 49 50 51 34 44 13 10 32 32 34 101 120 116 114 97 34 58 32 123 13 10 32 32 32 32 34 100 101 112 97 114 116 109 101 110 116 34 58 32 34 65 83 73 75 34 44 13 10 32 32 32 32 34 68 101 115 105 103 110 97 116 105 111 110 34 58 32 34 83 83 69 34 13 10 32 32 125 13 10 125]" [36mmethod[0m=POST [36mpath[0m=/api/register [36mtimestamp[0m="2024-12-13 07:41:14"
[36mINFO[0m[2024-12-13 07:43:47]/workspaces/fiber-boilerplate/app/middleware/logger.go:28 main.main.LogMiddleware.func1() Request received                              [36mbody[0m="[123 13 10 32 32 34 117 115 101 114 110 97 109 101 34 58 32 34 106 111 104 110 95 100 111 101 34 44 13 10 32 32 34 101 109 97 105 108 34 58 32 34 106 111 104 110 64 101 120 97 109 112 108 101 46 99 111 109 34 44 13 10 32 32 34 112 97 115 115 119 111 114 100 34 58 32 34 112 97 115 115 119 111 114 100 49 50 51 34 44 13 10 32 32 34 101 120 116 114 97 34 58 32 123 13 10 32 32 32 32 34 100 101 112 97 114 116 109 101 110 116 34 58 32 34 65 83 73 75 34 44 13 10 32 32 32 32 34 68 101 115 105 103 110 97 116 105 111 110 34 58 32 34 83 83 69 34 13 10 32 32 125 13 10 125]" [36mmethod[0m=POST [36mpath[0m=/api/register [36mtimestamp[0m="2024-12-13 07:43:47"
[36mINFO[0m[2024-12-13 07:50:06]/workspaces/fiber-boilerplate/app/middleware/logger.go:28 main.main.LogMiddleware.func1() Request received                              [36mbody[0m="map[email:john@example.com extra:map[Designation:SSE department:ASIK] password:password123 username:john_doe]" [36mmethod[0m=POST [36mpath[0m=/api/register [36mtimestamp[0m="2024-12-13 07:50:06"
[36mINFO[0m[2024-12-13 07:50:39]/workspaces/fiber-boilerplate/app/middleware/logger.go:29 main.main.LogMiddleware.func1() Request received                              [36mbody[0m="{\r\n  \"username\": \"john_doe\",\r\n  \"email\": \"john@example.com\",\r\n  \"password\": \"password123\",\r\n  \"extra\": {\r\n    \"department\": \"ASIK\",\r\n    \"Designation\": \"SSE\"\r\n  }\r\n}" [36mmethod[0m=POST [36mpath[0m=/api/register [36mtimestamp[0m="2024-12-13 07:50:39"
[36mINFO[0m[2024-12-13 07:50:54]/workspaces/fiber-boilerplate/app/middleware/logger.go:29 main.main.LogMiddleware.func1() Request received                              [36mmethod[0m=POST [36mpath[0m=/api/register [36mtimestamp[0m="2024-12-13 07:50:54"
[36mINFO[0m[2024-12-13 07:51:36]/workspaces/fiber-boilerplate/app/middleware/logger.go:29 main.main.LogMiddleware.func1() Request received                              [36mmethod[0m=GET [36mpath[0m=/api [36mtimestamp[0m="2024-12-13 07:51:36"
[36mINFO[0m[2024-12-13 07:51:43]/workspaces/fiber-boilerplate/app/middleware/logger.go:29 main.main.LogMiddleware.func1() Request received                              [36mmethod[0m=GET [36mpath[0m=/api [36mtimestamp[0m="2024-12-13 07:51:43"
[36mINFO[0m[2024-12-13 07:59:19]/workspaces/fiber-boilerplate/app/middleware/logger.go:29 main.main.LogMiddleware.func1() Request received                              [36mmethod[0m=GET [36mpath[0m=/api [36mtimestamp[0m="2024-12-13 07:59:19"
[36mINFO[0m[2024-12-13 07:59:30]/workspaces/fiber-boilerplate/app/middleware/logger.go:29 main.main.LogMiddleware.func1() Request received                              [36mmethod[0m=GET [36mpath[0m=/api [36mtimestamp[0m="2024-12-13 07:59:30"
[36mINFO[0m[2024-12-13 07:59:30]/workspaces/fiber-boilerplate/app/middleware/logger.go:29 main.main.LogMiddleware.func1() Request received                              [36mmethod[0m=GET [36mpath[0m=/favicon.ico [36mtimestamp[0m="2024-12-13 07:59:30"
[36mINFO[0m[2024-12-13 07:59:55]/workspaces/fiber-boilerplate/app/middleware/logger.go:29 main.main.LogMiddleware.func1() Request received                              [36mmethod[0m=GET [36mpath[0m=/api [36mtimestamp[0m="2024-12-13 07:59:55"
[36mINFO[0m[2024-12-13 08:00:07]/workspaces/fiber-boilerplate/app/middleware/logger.go:29 main.main.LogMiddleware.func1() Request received                              [36mmethod[0m=POST [36mpath[0m=/api/register [36mtimestamp[0m="2024-12-13 08:00:07"
[36mINFO[0m[2024-12-13 09:09:21]/workspaces/fiber-boilerplate/app/middleware/logger.go:29 main.main.LogMiddleware.func1() Request received                              [36mmethod[0m=GET [36mpath[0m=/api [36mtimestamp[0m="2024-12-13 09:09:21"
[36mINFO[0m[2024-12-13 09:10:11]/workspaces/fiber-boilerplate/app/middleware/logger.go:29 main.main.LogMiddleware.func1() Request received                              [36mmethod[0m=POST [36mpath[0m=/api/register [36mtimestamp[0m="2024-12-13 09:10:11"
[36mINFO[0m[2024-12-13 09:10:39]/workspaces/fiber-boilerplate/app/middleware/logger.go:29 main.main.LogMiddleware.func1() Request received                              [36mmethod[0m=POST [36mpath[0m=/api/register [36mtimestamp[0m="2024-12-13 09:10:39"
[36mINFO[0m[2024-12-13 11:52:29]/workspaces/fiber-boilerplate/app/middleware/logger.go:29 main.main.LogMiddleware.func1() Request received                              [36mmethod[0m=GET [36mpath[0m=/ [36mtimestamp[0m="2024-12-13 11:52:29"
[36mINFO[0m[2024-12-13 11:52:30]/workspaces/fiber-boilerplate/app/middleware/logger.go:29 main.main.LogMiddleware.func1() Request received                              [36mmethod[0m=GET [36mpath[0m=/favicon.ico [36mtimestamp[0m="2024-12-13 11:52:30"
[36mINFO[0m[2024-12-13 11:52:44]/workspaces/fiber-boilerplate/app/middleware/logger.go:29 main.main.LogMiddleware.func1() Request received                              [36mmethod[0m=GET [36mpath[0m=/api [36mtimestamp[0m="2024-12-13 11:52:44"
[36mINFO[0m[2024-12-13 11:52:56]/workspaces/fiber-boilerplate/app/middleware/logger.go:29 main.main.LogMiddleware.func1() Request received                              [36mmethod[0m=GET [36mpath[0m=/api/users/id [36mtimestamp[0m="2024-12-13 11:52:56"
[36mINFO[0m[2024-12-13 11:53:01]/workspaces/fiber-boilerplate/app/middleware/logger.go:29 main.main.LogMiddleware.func1() Request received                              [36mmethod[0m=GET [36mpath[0m=/api/users [36mtimestamp[0m="2024-12-13 11:53:01"
[36mINFO[0m[2024-12-13 11:53:06]/workspaces/fiber-boilerplate/app/middleware/logger.go:29 main.main.LogMiddleware.func1() Request received                              [36mmethod[0m=GET [36mpath[0m=/api/users/12 [36mtimestamp[0m="2024-12-13 11:53:06"
[36mINFO[0m[2024-12-14 17:17:38]/workspaces/fiber-boilerplate/app/middleware/logger.go:29 main.main.LogMiddleware.func1() Request received                              [36mmethod[0m=GET [36mpath[0m=/ [36mtimestamp[0m="2024-12-14 17:17:38"
[36mINFO[0m[2024-12-14 17:17:54]/workspaces/fiber-boilerplate/app/middleware/logger.go:29 main.main.LogMiddleware.func1() Request received                              [36mmethod[0m=GET [36mpath[0m=/api [36mtimestamp[0m="2024-12-14 17:17:54"
[36mINFO[0m[2024-12-14 17:17:54]/workspaces/fiber-boilerplate/app/middleware/logger.go:29 main.main.LogMiddleware.func1() Request received                              [36mmethod[0m=GET [36mpath[0m=/api [36mtimestamp[0m="2024-12-14 17:17:54"
[36mINFO[0m[2024-12-14 17:18:02]/workspaces/fiber-boilerplate/app/middleware/logger.go:29 main.main.LogMiddleware.func1() Request received                              [36mmethod[0m=GET [36mpath[0m=/api/user [36mtimestamp[0m="2024-12-14 17:18:02"
[36mINFO[0m[2024-12-14 17:18:06]/workspaces/fiber-boilerplate/app/middleware/logger.go:29 main.main.LogMiddleware.func1() Request received                              [36mmethod[0m=GET [36mpath[0m=/api/user/2 [36mtimestamp[0m="2024-12-14 17:18:06"
[36mINFO[0m[2024-12-14 17:18:10]/workspaces/fiber-boilerplate/app/middleware/logger.go:29 main.main.LogMiddleware.func1() Request received                              [36mmethod[0m=GET [36mpath[0m=/api/users/2 [36mtimestamp[0m="2024-12-14 17:18:10"
[36mINFO[0m[2024-12-14 17:18:24]/workspaces/fiber-boilerplate/app/middleware/logger.go:29 main.main.LogMiddleware.func1() Request received                              [36mmethod[0m=GET [36mpath[0m=/api/users/p [36mtimestamp[0m="2024-12-14 17:18:24"
[36mINFO[0m[2024-12-14 17:21:51]/workspaces/fiber-boilerplate/app/middleware/logger.go:29 main.main.LogMiddleware.func1() Request received                              [36mmethod[0m=GET [36mpath[0m=/api/users/p [36mtimestamp[0m="2024-12-14 17:21:51"
[36mINFO[0m[2024-12-14 17:22:01]/workspaces/fiber-boilerplate/app/middleware/logger.go:29 main.main.LogMiddleware.func1() Request received                              [36mmethod[0m=GET [36mpath[0m=/api/users/details [36mtimestamp[0m="2024-12-14 17:22:01"
[36mINFO[0m[2024-12-14 17:22:53]/workspaces/fiber-boilerplate/app/middleware/logger.go:29 main.main.LogMiddleware.func1() Request received                              [36mmethod[0m=GET [36mpath[0m=/api/users/details [36mtimestamp[0m="2024-12-14 17:22:53"
[36mINFO[0m[2024-12-14 17:22:56]/workspaces/fiber-boilerplate/app/middleware/logger.go:29 main.main.LogMiddleware.func1() Request received                              [36mmethod[0m=GET [36mpath[0m=/api/users/details [36mtimestamp[0m="2024-12-14 17:22:56"
[36mINFO[0m[2024-12-14 17:22:58]/workspaces/fiber-boilerplate/app/middleware/logger.go:29 main.main.LogMiddleware.func1() Request received                              [36mmethod[0m=GET [36mpath[0m=/api/users/details [36mtimestamp[0m="2024-12-14 17:22:58"
[36mINFO[0m[2024-12-14 17:22:59]/workspaces/fiber-boilerplate/app/middleware/logger.go:29 main.main.LogMiddleware.func1() Request received                              [36mmethod[0m=GET [36mpath[0m=/api/users/details [36mtimestamp[0m="2024-12-14 17:22:59"
[36mINFO[0m[2024-12-14 17:23:00]/workspaces/fiber-boilerplate/app/middleware/logger.go:29 main.main.LogMiddleware.func1() Request received                              [36mmethod[0m=GET [36mpath[0m=/api/users/details [36mtimestamp[0m="2024-12-14 17:23:00"
[36mINFO[0m[2024-12-14 17:23:34]/workspaces/fiber-boilerplate/app/middleware/logger.go:29 main.main.LogMiddleware.func1() Request received                              [36mmethod[0m=GET [36mpath[0m=/api/users/details [36mtimestamp[0m="2024-12-14 17:23:34"
[36mINFO[0m[2024-12-14 19:03:54]/workspaces/fiber-boilerplate/app/middleware/logger.go:29 main.main.LogMiddleware.func1() Request received                              [36mmethod[0m=GET [36mpath[0m=/api/users/details [36mtimestamp[0m="2024-12-14 19:03:54"
[36mINFO[0m[2024-12-15 16:19:14]/workspaces/fiber-boilerplate/app/middleware/logger.go:29 main.main.LogMiddleware.func1() Request received                              [36mmethod[0m=GET [36mpath[0m=/ [36mtimestamp[0m="2024-12-15 16:19:14"
[36mINFO[0m[2024-12-15 16:19:17]/workspaces/fiber-boilerplate/app/middleware/logger.go:29 main.main.LogMiddleware.func1() Request received                              [36mmethod[0m=GET [36mpath[0m=/api [36mtimestamp[0m="2024-12-15 16:19:17"
[36mINFO[0m[2024-12-15 16:19:18]/workspaces/fiber-boilerplate/app/middleware/logger.go:29 main.main.LogMiddleware.func1() Request received                              [36mmethod[0m=GET [36mpath[0m=/api [36mtimestamp[0m="2024-12-15 16:19:18"
[36mINFO[0m[2024-12-15 16:19:28]/workspaces/fiber-boilerplate/app/middleware/logger.go:29 main.main.LogMiddleware.func1() Request received                              [36mmethod[0m=GET [36mpath[0m=/api/users/34 [36mtimestamp[0m="2024-12-15 16:19:28"
[36mINFO[0m[2024-12-15 16:23:33]/workspaces/fiber-boilerplate/app/middleware/logger.go:29 main.main.LogMiddleware.func1() Request received                              [36mmethod[0m=GET [36mpath[0m=/api/users/34 [36mtimestamp[0m="2024-12-15 16:23:33"
[36mINFO[0m[2024-12-15 16:26:00]/workspaces/fiber-boilerplate/app/middleware/logger.go:29 main.main.LogMiddleware.func1() Request received                              [36mmethod[0m=GET [36mpath[0m=/api/users/34 [36mtimestamp[0m="2024-12-15 16:26:00"
[36mINFO[0m[2024-12-15 16:27:05]/workspaces/fiber-boilerplate/app/middleware/logger.go:29 main.main.LogMiddleware.func1() Request received                              [36mmethod[0m=GET [36mpath[0m=/api/users/34 [36mtimestamp[0m="2024-12-15 16:27:05"
[36mINFO[0m[2024-12-15 16:31:24]/workspaces/fiber-boilerplate/app/middleware/logger.go:29 main.main.LogMiddleware.func1() Request received                              [36mmethod[0m=GET [36mpath[0m=/api/users/34 [36mtimestamp[0m="2024-12-15 16:31:24"
[36mINFO[0m[2024-12-15 16:51:44]/workspaces/fiber-boilerplate/app/middleware/logger.go:29 main.main.LogMiddleware.func1() Request received                              [36mmethod[0m=GET [36mpath[0m=/api/users/abc [36mtimestamp[0m="2024-12-15 16:51:44"
[36mINFO[0m[2024-12-15 22:09:41]/workspaces/fiber-boilerplate/app/middleware/logger.go:29 main.main.LogMiddleware.func1() Request received                              [36mmethod[0m=GET [36mpath[0m=/api/users/abc [36mtimestamp[0m="2024-12-15 22:09:41"
[36mINFO[0m[2024-12-15 22:09:46]/workspaces/fiber-boilerplate/app/middleware/logger.go:29 main.main.LogMiddleware.func1() Request received                              [36mmethod[0m=GET [36mpath[0m=/api/users/34 [36mtimestamp[0m="2024-12-15 22:09:46"
[36mINFO[0m[2024-12-15 22:36:12]/workspaces/fiber-boilerplate/app/middleware/logger.go:29 main.main.LogMiddleware.func1() Request received                              [36mmethod[0m=GET [36mpath[0m=/api/users/34 [36mtimestamp[0m="2024-12-15 22:36:12"
[36mINFO[0m[2024-12-15 22:36:17]/workspaces/fiber-boilerplate/app/middleware/logger.go:29 main.main.LogMiddleware.func1() Request received                              [36mmethod[0m=GET [36mpath[0m=/api/users/34 [36mtimestamp[0m="2024-12-15 22:36:17"
[36mINFO[0m[2024-12-15 22:36:25]/workspaces/fiber-boilerplate/app/middleware/logger.go:29 main.main.LogMiddleware.func1() Request received                              [36mmethod[0m=GET [36mpath[0m=/api/users/abc [36mtimestamp[0m="2024-12-15 22:36:25"
[36mINFO[0m[2024-12-15 22:47:37]/workspaces/fiber-boilerplate/app/middleware/logger.go:29 main.main.LogMiddleware.func1() Request received                              [36mmethod[0m=GET [36mpath[0m=/api/users/abc [36mtimestamp[0m="2024-12-15 22:47:37"
[36mINFO[0m[2024-12-15 23:05:26]/workspaces/fiber-boilerplate/app/middleware/logger.go:29 main.main.LogMiddleware.func1() Request received                              [36mmethod[0m=GET [36mpath[0m=/api/users/abc [36mtimestamp[0m="2024-12-15 23:05:26"
[36mINFO[0m[2024-12-15 23:05:30]/workspaces/fiber-boilerplate/app/middleware/logger.go:29 main.main.LogMiddleware.func1() Request received                              [36mmethod[0m=GET [36mpath[0m=/api/users/abc [36mtimestamp[0m="2024-12-15 23:05:30"
[36mINFO[0m[2024-12-15 23:06:43]/workspaces/fiber-boilerplate/app/middleware/logger.go:29 main.main.LogMiddleware.func1() Request received                              [36mmethod[0m=GET [36mpath[0m=/api/users/abc [36mtimestamp[0m="2024-12-15 23:06:43"
[36mINFO[0m[2024-12-15 23:06:45]/workspaces/fiber-boilerplate/app/middleware/logger.go:29 main.main.LogMiddleware.func1() Request received                              [36mmethod[0m=GET [36mpath[0m=/api/users/abc [36mtimestamp[0m="2024-12-15 23:06:45"
[36mINFO[0m[2024-12-15 23:06:46]/workspaces/fiber-boilerplate/app/middleware/logger.go:29 main.main.LogMiddleware.func1() Request received                              [36mmethod[0m=GET [36mpath[0m=/api/users/abc [36mtimestamp[0m="2024-12-15 23:06:46"
[36mINFO[0m[2024-12-15 23:07:46]/workspaces/fiber-boilerplate/app/middleware/logger.go:29 main.main.LogMiddleware.func1() Request received                              [36mmethod[0m=GET [36mpath[0m=/api/users/34 [36mtimestamp[0m="2024-12-15 23:07:46"
[36mINFO[0m[2024-12-15 23:07:49]/workspaces/fiber-boilerplate/app/middleware/logger.go:29 main.main.LogMiddleware.func1() Request received                              [36mmethod[0m=GET [36mpath[0m=/api/users/34 [36mtimestamp[0m="2024-12-15 23:07:49"
[36mINFO[0m[2024-12-15 23:07:52]/workspaces/fiber-boilerplate/app/middleware/logger.go:29 main.main.LogMiddleware.func1() Request received                              [36mmethod[0m=GET [36mpath[0m=/api/users/34 [36mtimestamp[0m="2024-12-15 23:07:52"
[36mINFO[0m[2024-12-15 23:09:39]/workspaces/fiber-boilerplate/app/middleware/logger.go:29 main.main.LogMiddleware.func1() Request received                              [36mmethod[0m=GET [36mpath[0m=/api/users/34 [36mtimestamp[0m="2024-12-15 23:09:39"
[36mINFO[0m[2024-12-15 23:15:09]/workspaces/fiber-boilerplate/app/middleware/logger.go:29 main.main.LogMiddleware.func1() Request received                              [36mmethod[0m=GET [36mpath[0m=/api/users/34 [36mtimestamp[0m="2024-12-15 23:15:09"
[36mINFO[0m[2024-12-15 23:15:37]/workspaces/fiber-boilerplate/app/middleware/logger.go:29 main.main.LogMiddleware.func1() Request received                              [36mmethod[0m=GET [36mpath[0m=/api/users/34 [36mtimestamp[0m="2024-12-15 23:15:37"
[36mINFO[0m[2024-12-15 23:19:21]/workspaces/fiber-boilerplate/app/middleware/logger.go:29 main.main.LogMiddleware.func1() Request received                              [36mmethod[0m=GET [36mpath[0m=/api/users/34 [36mtimestamp[0m="2024-12-15 23:19:21"
[36mINFO[0m[2024-12-15 23:19:50]/workspaces/fiber-boilerplate/app/middleware/logger.go:29 main.main.LogMiddleware.func1() Request received                              [36mmethod[0m=GET [36mpath[0m=/api/users/34 [36mtimestamp[0m="2024-12-15 23:19:50"
[36mINFO[0m[2024-12-15 23:26:32]/workspaces/fiber-boilerplate/app/middleware/logger.go:29 main.main.LogMiddleware.func1() Request received                              [36mmethod[0m=GET [36mpath[0m=/api/users/34 [36mtimestamp[0m="2024-12-15 23:26:32"
[36mINFO[0m[2024-12-15 23:26:42]/workspaces/fiber-boilerplate/app/middleware/logger.go:29 main.main.LogMiddleware.func1() Request received                              [36mmethod[0m=GET [36mpath[0m=/api/users/abc [36mtimestamp[0m="2024-12-15 23:26:42"
[36mINFO[0m[2024-12-15 23:26:45]/workspaces/fiber-boilerplate/app/middleware/logger.go:29 main.main.LogMiddleware.func1() Request received                              [36mmethod[0m=GET [36mpath[0m=/api/users/abc [36mtimestamp[0m="2024-12-15 23:26:45"
[36mINFO[0m[2024-12-15 23:26:58]/workspaces/fiber-boilerplate/app/middleware/logger.go:29 main.main.LogMiddleware.func1() Request received                              [36mmethod[0m=GET [36mpath[0m=/api/users/123 [36mtimestamp[0m="2024-12-15 23:26:58"
[36mINFO[0m[2024-12-15 23:27:11]/workspaces/fiber-boilerplate/app/middleware/logger.go:29 main.main.LogMiddleware.func1() Request received                              [36mmethod[0m=GET [36mpath[0m=/api/users/111111 [36mtimestamp[0m="2024-12-15 23:27:11"
[36mINFO[0m[2024-12-15 23:27:18]/workspaces/fiber-boilerplate/app/middleware/logger.go:29 main.main.LogMiddleware.func1() Request received                              [36mmethod[0m=GET [36mpath[0m=/api/users/34 [36mtimestamp[0m="2024-12-15 23:27:18"
[36mINFO[0m[2024-12-15 23:27:50]/workspaces/fiber-boilerplate/app/middleware/logger.go:29 main.main.LogMiddleware.func1() Request received                              [36mmethod[0m=GET [36mpath[0m=/api/users/34 [36mtimestamp[0m="2024-12-15 23:27:50"
[36mINFO[0m[2024-12-15 23:27:56]/workspaces/fiber-boilerplate/app/middleware/logger.go:29 main.main.LogMiddleware.func1() Request received                              [36mmethod[0m=GET [36mpath[0m=/api/users/123 [36mtimestamp[0m="2024-12-15 23:27:56"
[36mINFO[0m[2024-12-15 23:28:02]/workspaces/fiber-boilerplate/app/middleware/logger.go:29 main.main.LogMiddleware.func1() Request received                              [36mmethod[0m=GET [36mpath[0m=/api/users/ [36mtimestamp[0m="2024-12-15 23:28:02"
[36mINFO[0m[2024-12-15 23:28:06]/workspaces/fiber-boilerplate/app/middleware/logger.go:29 main.main.LogMiddleware.func1() Request received                              [36mmethod[0m=GET [36mpath[0m=/api/users/axc [36mtimestamp[0m="2024-12-15 23:28:06"
[36mINFO[0m[2024-12-15 23:28:32]/workspaces/fiber-boilerplate/app/middleware/logger.go:29 main.main.LogMiddleware.func1() Request received                              [36mmethod[0m=GET [36mpath[0m=/api/users/ [36mtimestamp[0m="2024-12-15 23:28:32"
[36mINFO[0m[2024-12-15 23:32:50]/workspaces/fiber-boilerplate/app/middleware/logger.go:29 main.main.LogMiddleware.func1() Request received                              [36mmethod[0m=GET [36mpath[0m=/api/users/ [36mtimestamp[0m="2024-12-15 23:32:50"
[36mINFO[0m[2024-12-15 23:32:55]/workspaces/fiber-boilerplate/app/middleware/logger.go:29 main.main.LogMiddleware.func1() Request received                              [36mmethod[0m=GET [36mpath[0m=/api/users/qwe [36mtimestamp[0m="2024-12-15 23:32:55"
[36mINFO[0m[2024-12-15 23:33:08]/workspaces/fiber-boilerplate/app/middleware/logger.go:29 main.main.LogMiddleware.func1() Request received                              [36mmethod[0m=GET [36mpath[0m=/api/users/ [36mtimestamp[0m="2024-12-15 23:33:08"
[36mINFO[0m[2024-12-15 23:33:12]/workspaces/fiber-boilerplate/app/middleware/logger.go:29 main.main.LogMiddleware.func1() Request received                              [36mmethod[0m=GET [36mpath[0m=/api/users/we [36mtimestamp[0m="2024-12-15 23:33:12"
[36mINFO[0m[2024-12-15 23:34:46]/workspaces/fiber-boilerplate/app/middleware/logger.go:29 main.main.LogMiddleware.func1() Request received                              [36mmethod[0m=GET [36mpath[0m=/api/users/ [36mtimestamp[0m="2024-12-15 23:34:46"
[36mINFO[0m[2024-12-15 23:34:49]/workspaces/fiber-boilerplate/app/middleware/logger.go:29 main.main.LogMiddleware.func1() Request received                              [36mmethod[0m=GET [36mpath[0m=/api/users/we [36mtimestamp[0m="2024-12-15 23:34:49"
[36mINFO[0m[2024-12-15 23:37:43]/workspaces/fiber-boilerplate/app/middleware/logger.go:29 main.main.LogMiddleware.func1() Request received                              [36mmethod[0m=GET [36mpath[0m=/api/users/we [36mtimestamp[0m="2024-12-15 23:37:43"
[36mINFO[0m[2024-12-15 23:41:46]/workspaces/fiber-boilerplate/app/middleware/logger.go:29 main.main.LogMiddleware.func1() Request received                              [36mmethod[0m=GET [36mpath[0m=/api/users/we [36mtimestamp[0m="2024-12-15 23:41:46"
[36mINFO[0m[2024-12-15 23:43:22]/workspaces/fiber-boilerplate/app/middleware/logger.go:29 main.main.LogMiddleware.func1() Request received                              [36mmethod[0m=GET [36mpath[0m=/api/users/123 [36mtimestamp[0m="2024-12-15 23:43:22"
[36mINFO[0m[2024-12-15 23:46:58]/workspaces/fiber-boilerplate/app/middleware/logger.go:29 main.main.LogMiddleware.func1() Request received                              [36mmethod[0m=GET [36mpath[0m=/api/users/34 [36mtimestamp[0m="2024-12-15 23:46:58"
[36mINFO[0m[2024-12-15 23:47:51]/workspaces/fiber-boilerplate/app/middleware/logger.go:29 main.main.LogMiddleware.func1() Request received                              [36mmethod[0m=GET [36mpath[0m=/api/users/ [36mtimestamp[0m="2024-12-15 23:47:51"
[36mINFO[0m[2024-12-15 23:47:57]/workspaces/fiber-boilerplate/app/middleware/logger.go:29 main.main.LogMiddleware.func1() Request received                              [36mmethod[0m=GET [36mpath[0m=/api/users/1 [36mtimestamp[0m="2024-12-15 23:47:57"
[36mINFO[0m[2024-12-15 23:48:00]/workspaces/fiber-boilerplate/app/middleware/logger.go:29 main.main.LogMiddleware.func1() Request received                              [36mmethod[0m=GET [36mpath[0m=/api/users/ko [36mtimestamp[0m="2024-12-15 23:48:00"
[36mINFO[0m[2024-12-16 15:37:28]/workspaces/fiber-boilerplate/app/middleware/logger.go:29 main.main.LogMiddleware.func1() Request received                              [36mmethod[0m=GET [36mpath[0m=/ [36mtimestamp[0m="2024-12-16 15:37:28"
[36mINFO[0m[2024-12-16 15:37:28]/workspaces/fiber-boilerplate/app/middleware/logger.go:29 main.main.LogMiddleware.func1() Request received                              [36mmethod[0m=GET [36mpath[0m=/favicon.ico [36mtimestamp[0m="2024-12-16 15:37:28"
[36mINFO[0m[2024-12-16 15:37:58]/workspaces/fiber-boilerplate/app/middleware/logger.go:29 main.main.LogMiddleware.func1() Request received                              [36mmethod[0m=GET [36mpath[0m=/api [36mtimestamp[0m="2024-12-16 15:37:58"
[36mINFO[0m[2024-12-16 15:38:00]/workspaces/fiber-boilerplate/app/middleware/logger.go:29 main.main.LogMiddleware.func1() Request received                              [36mmethod[0m=GET [36mpath[0m=/api/users/34 [36mtimestamp[0m="2024-12-16 15:38:00"
[36mINFO[0m[2024-12-16 15:38:04]/workspaces/fiber-boilerplate/app/middleware/logger.go:29 main.main.LogMiddleware.func1() Request received                              [36mmethod[0m=GET [36mpath[0m=/api/users/abc [36mtimestamp[0m="2024-12-16 15:38:04"
[36mINFO[0m[2024-12-16 15:40:27]/workspaces/fiber-boilerplate/app/middleware/logger.go:29 main.main.LogMiddleware.func1() Request received                              [36mmethod[0m=GET [36mpath[0m=/api/users/34 [36mtimestamp[0m="2024-12-16 15:40:27"
[36mINFO[0m[2024-12-16 15:41:40]/workspaces/fiber-boilerplate/app/middleware/logger.go:29 main.main.LogMiddleware.func1() Request received                              [36mmethod[0m=GET [36mpath[0m=/api/users/34 [36mtimestamp[0m="2024-12-16 15:41:40"
[36mINFO[0m[2024-12-19 20:40:45]/workspaces/fiber-boilerplate/app/middleware/logger.go:29 main.main.LogMiddleware.func1() Request received                              [36mmethod[0m=GET [36mpath[0m=/api/users/34 [36mtimestamp[0m="2024-12-19 20:40:45"
[36mINFO[0m[2024-12-19 20:40:45]/workspaces/fiber-boilerplate/app/middleware/logger.go:29 main.main.LogMiddleware.func1() Request received                              [36mmethod[0m=GET [36mpath[0m=/favicon.ico [36mtimestamp[0m="2024-12-19 20:40:45"
[36mINFO[0m[2024-12-21 10:28:07]/workspaces/fiber-boilerplate/app/middleware/logger.go:29 main.main.LogMiddleware.func1() Request received                              [36mmethod[0m=GET [36mpath[0m=/ [36mtimestamp[0m="2024-12-21 10:28:07"
[36mINFO[0m[2024-12-21 10:28:07]/workspaces/fiber-boilerplate/app/middleware/logger.go:29 main.main.LogMiddleware.func1() Request received                              [36mmethod[0m=GET [36mpath[0m=/favicon.ico [36mtimestamp[0m="2024-12-21 10:28:07"
[36mINFO[0m[2024-12-21 10:28:19]/workspaces/fiber-boilerplate/app/middleware/logger.go:29 main.main.LogMiddleware.func1() Request received                              [36mmethod[0m=GET [36mpath[0m=/api/users/34 [36mtimestamp[0m="2024-12-21 10:28:19"
[36mINFO[0m[2024-12-21 11:00:00]/workspaces/fiber-boilerplate/app/middleware/logger.go:29 main.main.LogMiddleware.func1() Request received                              [36mmethod[0m=GET [36mpath[0m=/api/users/34 [36mtimestamp[0m="2024-12-21 11:00:00"
[36mINFO[0m[2024-12-21 11:35:35]/workspaces/fiber-boilerplate/app/middleware/logger.go:29 main.main.LogMiddleware.func1() Request received                              [36mmethod[0m=GET [36mpath[0m=/api/users/34 [36mtimestamp[0m="2024-12-21 11:35:35"
[31mFATA[0m[2024-12-21 14:45:01]/workspaces/fiber-boilerplate/main.go:31 main.main() sql: unknown driver "mysql" (forgotten import?) 
[31mFATA[0m[2024-12-21 14:47:00]/workspaces/fiber-boilerplate/main.go:27 main.main() sql: unknown driver "mysql" (forgotten import?) 
[36mINFO[0m[2024-12-21 14:48:12]/workspaces/fiber-boilerplate/app/middleware/logger.go:29 main.main.LogMiddleware.func1() Request received                              [36mmethod[0m=GET [36mpath[0m=/api/users/34 [36mtimestamp[0m="2024-12-21 14:48:12"
[36mINFO[0m[2024-12-21 16:01:05]/workspaces/fiber-boilerplate/app/middleware/logger.go:29 main.main.LogMiddleware.func1() Request received                              [36mmethod[0m=GET [36mpath[0m=/api/users/34 [36mtimestamp[0m="2024-12-21 16:01:05"
[36mINFO[0m[2024-12-21 16:01:37]/workspaces/fiber-boilerplate/app/middleware/logger.go:29 main.main.LogMiddleware.func1() Request received                              [36mmethod[0m=GET [36mpath[0m=/api/users/34 [36mtimestamp[0m="2024-12-21 16:01:37"
[36mINFO[0m[2024-12-21 16:01:38]/workspaces/fiber-boilerplate/app/middleware/logger.go:29 main.main.LogMiddleware.func1() Request received                              [36mmethod[0m=GET [36mpath[0m=/api/users/34 [36mtimestamp[0m="2024-12-21 16:01:38"
[36mINFO[0m[2024-12-21 16:02:18]/workspaces/fiber-boilerplate/app/middleware/logger.go:29 main.main.LogMiddleware.func1() Request received                              [36mmethod[0m=GET [36mpath[0m=/api/users/34 [36mtimestamp[0m="2024-12-21 16:02:18"
[36mINFO[0m[2024-12-21 16:04:29]/workspaces/fiber-boilerplate/app/middleware/logger.go:29 main.main.LogMiddleware.func1() Request received                              [36mmethod[0m=GET [36mpath[0m=/api/users/34 [36mtimestamp[0m="2024-12-21 16:04:29"
[36mINFO[0m[2024-12-21 16:10:03]/workspaces/fiber-boilerplate/app/middleware/logger.go:29 main.main.LogMiddleware.func1() Request received                              [36mmethod[0m=GET [36mpath[0m=/api/users/34 [36mtimestamp[0m="2024-12-21 16:10:03"
[36mINFO[0m[2024-12-21 16:10:04]/workspaces/fiber-boilerplate/app/middleware/logger.go:29 main.main.LogMiddleware.func1() Request received                              [36mmethod[0m=GET [36mpath[0m=/api/users/34 [36mtimestamp[0m="2024-12-21 16:10:04"
[36mINFO[0m[2024-12-21 16:10:06]/workspaces/fiber-boilerplate/app/middleware/logger.go:29 main.main.LogMiddleware.func1() Request received                              [36mmethod[0m=GET [36mpath[0m=/api/users/34 [36mtimestamp[0m="2024-12-21 16:10:06"
[36mINFO[0m[2024-12-21 16:11:59]/workspaces/fiber-boilerplate/app/middleware/logger.go:29 main.main.LogMiddleware.func1() Request received                              [36mmethod[0m=GET [36mpath[0m=/api/users/34 [36mtimestamp[0m="2024-12-21 16:11:59"
[36mINFO[0m[2024-12-21 16:12:00]/workspaces/fiber-boilerplate/app/middleware/logger.go:29 main.main.LogMiddleware.func1() Request received                              [36mmethod[0m=GET [36mpath[0m=/api/users/34 [36mtimestamp[0m="2024-12-21 16:12:00"
[36mINFO[0m[2024-12-21 16:15:23]/workspaces/fiber-boilerplate/app/middleware/logger.go:29 main.main.LogMiddleware.func1() Request received                              [36mmethod[0m=GET [36mpath[0m=/api/users/34 [36mtimestamp[0m="2024-12-21 16:15:23"
[36mINFO[0m[2024-12-21 16:23:21]/workspaces/fiber-boilerplate/app/middleware/logger.go:29 main.main.LogMiddleware.func1() Request received                              [36mmethod[0m=GET [36mpath[0m=/api/users/34 [36mtimestamp[0m="2024-12-21 16:23:21"
[36mINFO[0m[2024-12-21 16:29:51]/workspaces/fiber-boilerplate/app/middleware/logger.go:29 main.main.LogMiddleware.func1() Request received                              [36mmethod[0m=GET [36mpath[0m=/api/users/34 [36mtimestamp[0m="2024-12-21 16:29:51"
[36mINFO[0m[2024-12-21 19:15:04]/workspaces/fiber-boilerplate/app/middleware/logger.go:29 main.main.LogMiddleware.func1() Request received                              [36mmethod[0m=GET [36mpath[0m=/api/users/34 [36mtimestamp[0m="2024-12-21 19:15:04"
[36mINFO[0m[2024-12-21 21:05:40]/workspaces/fiber-boilerplate/app/middleware/logger.go:29 main.main.LogMiddleware.func1() Request received                              [36mmethod[0m=GET [36mpath[0m=/api/users/34 [36mtimestamp[0m="2024-12-21 21:05:40"
[36mINFO[0m[2024-12-21 21:22:21]/workspaces/fiber-boilerplate/app/middleware/logger.go:29 main.main.LogMiddleware.func1() Request received                              [36mmethod[0m=GET [36mpath[0m=/api/users/34 [36mtimestamp[0m="2024-12-21 21:22:21"
[36mINFO[0m[2024-12-21 22:32:45]/workspaces/fiber-boilerplate/app/middleware/logger.go:29 main.main.LogMiddleware.func1() Request received                              [36mmethod[0m=GET [36mpath[0m=/api/users/34 [36mtimestamp[0m="2024-12-21 22:32:45"
[36mINFO[0m[2024-12-21 22:36:37]/workspaces/fiber-boilerplate/app/middleware/logger.go:29 main.main.LogMiddleware.func1() Request received                              [36mmethod[0m=GET [36mpath[0m=/api/users/34 [36mtimestamp[0m="2024-12-21 22:36:37"
[36mINFO[0m[2024-12-21 22:36:39]/workspaces/fiber-boilerplate/app/middleware/logger.go:29 main.main.LogMiddleware.func1() Request received                              [36mmethod[0m=GET [36mpath[0m=/api/users/34 [36mtimestamp[0m="2024-12-21 22:36:39"
[36mINFO[0m[2024-12-21 22:37:33]/workspaces/fiber-boilerplate/app/middleware/logger.go:29 main.main.LogMiddleware.func1() Request received                              [36mmethod[0m=GET [36mpath[0m=/api/users/34 [36mtimestamp[0m="2024-12-21 22:37:33"
[36mINFO[0m[2024-12-21 22:37:35]/workspaces/fiber-boilerplate/app/middleware/logger.go:29 main.main.LogMiddleware.func1() Request received                              [36mmethod[0m=GET [36mpath[0m=/api/users/34 [36mtimestamp[0m="2024-12-21 22:37:35"
[36mINFO[0m[2024-12-21 22:40:27]/workspaces/fiber-boilerplate/app/middleware/logger.go:29 main.main.LogMiddleware.func1() Request received                              [36mmethod[0m=GET [36mpath[0m=/api/users/34 [36mtimestamp[0m="2024-12-21 22:40:27"
[36mINFO[0m[2024-12-21 22:40:29]/workspaces/fiber-boilerplate/app/middleware/logger.go:29 main.main.LogMiddleware.func1() Request received                              [36mmethod[0m=GET [36mpath[0m=/api/users/34 [36mtimestamp[0m="2024-12-21 22:40:29"
[36mINFO[0m[2024-12-21 22:42:39]/workspaces/fiber-boilerplate/app/middleware/logger.go:29 main.main.LogMiddleware.func1() Request received                              [36mmethod[0m=GET [36mpath[0m=/api/users/34 [36mtimestamp[0m="2024-12-21 22:42:39"
[36mINFO[0m[2024-12-21 22:43:41]/workspaces/fiber-boilerplate/app/middleware/logger.go:29 main.main.LogMiddleware.func1() Request received                              [36mmethod[0m=GET [36mpath[0m=/api/users/34 [36mtimestamp[0m="2024-12-21 22:43:41"
[36mINFO[0m[2024-12-21 22:44:05]/workspaces/fiber-boilerplate/app/middleware/logger.go:29 main.main.LogMiddleware.func1() Request received                              [36mmethod[0m=GET [36mpath[0m=/api/users/34 [36mtimestamp[0m="2024-12-21 22:44:05"
[36mINFO[0m[2024-12-21 22:44:27]/workspaces/fiber-boilerplate/app/middleware/logger.go:29 main.main.LogMiddleware.func1() Request received                              [36mmethod[0m=GET [36mpath[0m=/api/users/34 [36mtimestamp[0m="2024-12-21 22:44:27"
[36mINFO[0m[2024-12-23 17:13:32]/workspaces/fiber-boilerplate/app/middleware/logger.go:29 main.main.LogMiddleware.func1() Request received                              [36mmethod[0m=GET [36mpath[0m=/ [36mtimestamp[0m="2024-12-23 17:13:32"
[36mINFO[0m[2024-12-23 17:13:32]/workspaces/fiber-boilerplate/app/middleware/logger.go:29 main.main.LogMiddleware.func1() Request received                              [36mmethod[0m=GET [36mpath[0m=/favicon.ico [36mtimestamp[0m="2024-12-23 17:13:32"
[36mINFO[0m[2024-12-23 17:13:36]/workspaces/fiber-boilerplate/app/middleware/logger.go:29 main.main.LogMiddleware.func1() Request received                              [36mmethod[0m=GET [36mpath[0m=/api/users/34 [36mtimestamp[0m="2024-12-23 17:13:36"
